<?xml version="1.0" encoding="UTF-8"?>
<!-- Generated by org.testng.reporters.JUnitXMLReporter -->
<testsuite hostname="Notebook10" ignored="0" name="Default test" tests="4" failures="0" timestamp="14 Oct 2018 17:52:53 GMT" time="118.674" errors="0">
  <testcase name="VerifyContactsScreen" time="1.43" classname="com.crm.qa.testcases.ContactsPageTest"/>
  <testcase name="CreateContact" time="7.351" classname="com.crm.qa.testcases.ContactsPageTest"/>
  <testcase name="CreateContact" time="7.136" classname="com.crm.qa.testcases.ContactsPageTest"/>
  <testcase name="CreateContact" time="7.604" classname="com.crm.qa.testcases.ContactsPageTest"/>
</testsuite> <!-- Default test -->
