<?xml version="1.0" encoding="UTF-8"?>
<testng-results skipped="0" failed="0" ignored="0" total="9" passed="9">
  <reporter-output>
  </reporter-output>
  <suite name="Free crm app" duration-ms="40" started-at="2019-03-10T09:20:55Z" finished-at="2019-03-10T09:20:55Z">
    <groups>
    </groups>
    <test name="Test" duration-ms="40" started-at="2019-03-10T09:20:55Z" finished-at="2019-03-10T09:20:55Z">
      <class name="com.qa.tests.DemoTest">
        <test-method status="PASS" signature="div()[pri:0, instance:com.qa.tests.DemoTest@5a61f5df]" name="div" duration-ms="8" started-at="2019-03-10T09:20:55Z" finished-at="2019-03-10T09:20:55Z">
          <reporter-output>
          </reporter-output>
        </test-method> <!-- div -->
        <test-method status="PASS" signature="sub()[pri:0, instance:com.qa.tests.DemoTest@5a61f5df]" name="sub" duration-ms="0" started-at="2019-03-10T09:20:55Z" finished-at="2019-03-10T09:20:55Z">
          <reporter-output>
          </reporter-output>
        </test-method> <!-- sub -->
        <test-method status="PASS" signature="sum()[pri:0, instance:com.qa.tests.DemoTest@5a61f5df]" name="sum" duration-ms="1" started-at="2019-03-10T09:20:55Z" finished-at="2019-03-10T09:20:55Z">
          <reporter-output>
          </reporter-output>
        </test-method> <!-- sum -->
      </class> <!-- com.qa.tests.DemoTest -->
      <class name="com.qa.tests.DemoTest1">
        <test-method status="PASS" signature="div()[pri:0, instance:com.qa.tests.DemoTest1@3551a94]" name="div" duration-ms="0" started-at="2019-03-10T09:20:55Z" finished-at="2019-03-10T09:20:55Z">
          <reporter-output>
          </reporter-output>
        </test-method> <!-- div -->
        <test-method status="PASS" signature="sub()[pri:0, instance:com.qa.tests.DemoTest1@3551a94]" name="sub" duration-ms="0" started-at="2019-03-10T09:20:55Z" finished-at="2019-03-10T09:20:55Z">
          <reporter-output>
          </reporter-output>
        </test-method> <!-- sub -->
        <test-method status="PASS" signature="sum()[pri:0, instance:com.qa.tests.DemoTest1@3551a94]" name="sum" duration-ms="0" started-at="2019-03-10T09:20:55Z" finished-at="2019-03-10T09:20:55Z">
          <reporter-output>
          </reporter-output>
        </test-method> <!-- sum -->
      </class> <!-- com.qa.tests.DemoTest1 -->
      <class name="com.qa.tests.DemoTest2">
        <test-method status="PASS" signature="div()[pri:0, instance:com.qa.tests.DemoTest2@531be3c5]" name="div" duration-ms="1" started-at="2019-03-10T09:20:55Z" finished-at="2019-03-10T09:20:55Z">
          <reporter-output>
          </reporter-output>
        </test-method> <!-- div -->
        <test-method status="PASS" signature="sub()[pri:0, instance:com.qa.tests.DemoTest2@531be3c5]" name="sub" duration-ms="0" started-at="2019-03-10T09:20:55Z" finished-at="2019-03-10T09:20:55Z">
          <reporter-output>
          </reporter-output>
        </test-method> <!-- sub -->
        <test-method status="PASS" signature="sum()[pri:0, instance:com.qa.tests.DemoTest2@531be3c5]" name="sum" duration-ms="1" started-at="2019-03-10T09:20:55Z" finished-at="2019-03-10T09:20:55Z">
          <reporter-output>
          </reporter-output>
        </test-method> <!-- sum -->
      </class> <!-- com.qa.tests.DemoTest2 -->
    </test> <!-- Test -->
  </suite> <!-- Free crm app -->
</testng-results>
